2018-06-13 17:07:10,763 INFO 18804 [egg:logger] init all loggers with options: {"dir":"/Users/user/zfblog/201812blog-api/logs/201812blog-api","encoding":"utf8","env":"local","level":"INFO","consoleLevel":"INFO","disableConsoleAfterReady":false,"outputJSON":false,"buffer":true,"appLogName":"201812blog-api-web.log","coreLogName":"egg-web.log","agentLogName":"egg-agent.log","errorLogName":"common-error.log","coreLogger":{"consoleLevel":"WARN"},"allowDebugAtProd":false,"type":"application"}
2018-06-13 17:07:10,812 INFO 18804 [egg-schedule]: register schedule /Users/user/zfblog/201812blog-api/node_modules/_egg-logrotator@3.0.3@egg-logrotator/app/schedule/clean_log.js
2018-06-13 17:07:10,812 INFO 18804 [egg-schedule]: register schedule /Users/user/zfblog/201812blog-api/node_modules/_egg-logrotator@3.0.3@egg-logrotator/app/schedule/rotate_by_file.js
2018-06-13 17:07:11,105 INFO 18804 [egg-mongoose] connecting mongodb://127.0.0.1/201812blog
2018-06-13 17:07:11,175 INFO 18804 [egg-static] starting static serve /public/ -> /Users/user/zfblog/201812blog-api/app/public
2018-06-13 17:07:11,178 INFO 18804 [egg-security] use methodnoallow middleware
2018-06-13 17:07:11,179 INFO 18804 [egg-security] use noopen middleware
2018-06-13 17:07:11,179 INFO 18804 [egg-security] use nosniff middleware
2018-06-13 17:07:11,180 INFO 18804 [egg-security] use xssProtection middleware
2018-06-13 17:07:11,181 INFO 18804 [egg-security] use xframe middleware
2018-06-13 17:07:11,181 INFO 18804 [egg-security] use dta middleware
2018-06-13 17:07:11,181 INFO 18804 [egg-security] compose 6 middlewares into one security middleware
2018-06-13 17:07:11,200 INFO 18804 [egg:core] dump config after load, 9ms
2018-06-13 17:07:11,204 INFO 18804 [egg-mongoose] starting...
2018-06-13 17:07:11,235 INFO 18804 [egg-mongoose] mongodb://127.0.0.1/201812blog connected successfully
2018-06-13 17:07:11,238 INFO 18804 [egg-mongoose] instance[0] start successfully
2018-06-13 17:07:11,241 INFO 18804 [egg-watcher:app] watcher start success
2018-06-13 17:07:11,247 INFO 18804 [egg:core] dump config after ready, 4ms
2018-06-13 17:21:50,765 INFO 19395 [egg:logger] init all loggers with options: {"dir":"/Users/user/zfblog/201812blog-api/logs/201812blog-api","encoding":"utf8","env":"local","level":"INFO","consoleLevel":"INFO","disableConsoleAfterReady":false,"outputJSON":false,"buffer":true,"appLogName":"201812blog-api-web.log","coreLogName":"egg-web.log","agentLogName":"egg-agent.log","errorLogName":"common-error.log","coreLogger":{"consoleLevel":"WARN"},"allowDebugAtProd":false,"type":"application"}
2018-06-13 17:21:50,814 INFO 19395 [egg-schedule]: register schedule /Users/user/zfblog/201812blog-api/node_modules/_egg-logrotator@3.0.3@egg-logrotator/app/schedule/clean_log.js
2018-06-13 17:21:50,814 INFO 19395 [egg-schedule]: register schedule /Users/user/zfblog/201812blog-api/node_modules/_egg-logrotator@3.0.3@egg-logrotator/app/schedule/rotate_by_file.js
2018-06-13 17:21:51,124 INFO 19395 [egg-mongoose] connecting mongodb://127.0.0.1/201812blog
2018-06-13 17:21:51,210 INFO 19395 [egg-static] starting static serve /public/ -> /Users/user/zfblog/201812blog-api/app/public
2018-06-13 17:21:51,214 INFO 19395 [egg-security] use methodnoallow middleware
2018-06-13 17:21:51,215 INFO 19395 [egg-security] use noopen middleware
2018-06-13 17:21:51,217 INFO 19395 [egg-security] use nosniff middleware
2018-06-13 17:21:51,217 INFO 19395 [egg-security] use xssProtection middleware
2018-06-13 17:21:51,218 INFO 19395 [egg-security] use xframe middleware
2018-06-13 17:21:51,219 INFO 19395 [egg-security] use dta middleware
2018-06-13 17:21:51,219 INFO 19395 [egg-security] compose 6 middlewares into one security middleware
2018-06-13 17:21:51,241 INFO 19395 [egg:core] dump config after load, 10ms
2018-06-13 17:21:51,246 INFO 19395 [egg-mongoose] starting...
2018-06-13 17:21:51,288 INFO 19395 [egg-mongoose] mongodb://127.0.0.1/201812blog connected successfully
2018-06-13 17:21:51,290 INFO 19395 [egg-mongoose] instance[0] start successfully
2018-06-13 17:21:51,295 INFO 19395 [egg-watcher:app] watcher start success
2018-06-13 17:21:51,304 INFO 19395 [egg:core] dump config after ready, 5ms
2018-06-13 17:28:09,424 INFO 19602 [egg:logger] init all loggers with options: {"dir":"/Users/user/zfblog/201812blog-api/logs/201812blog-api","encoding":"utf8","env":"local","level":"INFO","consoleLevel":"INFO","disableConsoleAfterReady":false,"outputJSON":false,"buffer":true,"appLogName":"201812blog-api-web.log","coreLogName":"egg-web.log","agentLogName":"egg-agent.log","errorLogName":"common-error.log","coreLogger":{"consoleLevel":"WARN"},"allowDebugAtProd":false,"type":"application"}
2018-06-13 17:28:09,475 INFO 19602 [egg-schedule]: register schedule /Users/user/zfblog/201812blog-api/node_modules/_egg-logrotator@3.0.3@egg-logrotator/app/schedule/clean_log.js
2018-06-13 17:28:09,476 INFO 19602 [egg-schedule]: register schedule /Users/user/zfblog/201812blog-api/node_modules/_egg-logrotator@3.0.3@egg-logrotator/app/schedule/rotate_by_file.js
2018-06-13 17:28:09,819 INFO 19602 [egg-mongoose] connecting mongodb://127.0.0.1:27017/201812blog
2018-06-13 17:28:09,905 INFO 19602 [egg-static] starting static serve /public/ -> /Users/user/zfblog/201812blog-api/app/public
2018-06-13 17:28:09,909 INFO 19602 [egg-security] use methodnoallow middleware
2018-06-13 17:28:09,910 INFO 19602 [egg-security] use noopen middleware
2018-06-13 17:28:09,911 INFO 19602 [egg-security] use nosniff middleware
2018-06-13 17:28:09,912 INFO 19602 [egg-security] use xssProtection middleware
2018-06-13 17:28:09,913 INFO 19602 [egg-security] use xframe middleware
2018-06-13 17:28:09,913 INFO 19602 [egg-security] use dta middleware
2018-06-13 17:28:09,914 INFO 19602 [egg-security] compose 6 middlewares into one security middleware
2018-06-13 17:28:09,933 INFO 19602 [egg:core] dump config after load, 8ms
2018-06-13 17:28:09,936 INFO 19602 [egg-mongoose] starting...
2018-06-13 17:28:09,973 INFO 19602 [egg-mongoose] mongodb://127.0.0.1:27017/201812blog connected successfully
2018-06-13 17:28:09,975 INFO 19602 [egg-mongoose] instance[0] start successfully
2018-06-13 17:28:09,979 INFO 19602 [egg-watcher:app] watcher start success
2018-06-13 17:28:09,988 INFO 19602 [egg:core] dump config after ready, 7ms
2018-06-13 17:28:30,771 INFO 19624 [egg:logger] init all loggers with options: {"dir":"/Users/user/zfblog/201812blog-api/logs/201812blog-api","encoding":"utf8","env":"local","level":"INFO","consoleLevel":"INFO","disableConsoleAfterReady":false,"outputJSON":false,"buffer":true,"appLogName":"201812blog-api-web.log","coreLogName":"egg-web.log","agentLogName":"egg-agent.log","errorLogName":"common-error.log","coreLogger":{"consoleLevel":"WARN"},"allowDebugAtProd":false,"type":"application"}
2018-06-13 17:28:30,828 INFO 19624 [egg-schedule]: register schedule /Users/user/zfblog/201812blog-api/node_modules/_egg-logrotator@3.0.3@egg-logrotator/app/schedule/clean_log.js
2018-06-13 17:28:30,828 INFO 19624 [egg-schedule]: register schedule /Users/user/zfblog/201812blog-api/node_modules/_egg-logrotator@3.0.3@egg-logrotator/app/schedule/rotate_by_file.js
2018-06-13 17:28:31,149 INFO 19624 [egg-mongoose] connecting mongodb://127.0.0.1:27017/201812blog
2018-06-13 17:28:31,240 INFO 19624 [egg-static] starting static serve /public/ -> /Users/user/zfblog/201812blog-api/app/public
2018-06-13 17:28:31,243 INFO 19624 [egg-security] use methodnoallow middleware
2018-06-13 17:28:31,244 INFO 19624 [egg-security] use noopen middleware
2018-06-13 17:28:31,245 INFO 19624 [egg-security] use nosniff middleware
2018-06-13 17:28:31,246 INFO 19624 [egg-security] use xssProtection middleware
2018-06-13 17:28:31,246 INFO 19624 [egg-security] use xframe middleware
2018-06-13 17:28:31,247 INFO 19624 [egg-security] use dta middleware
2018-06-13 17:28:31,247 INFO 19624 [egg-security] compose 6 middlewares into one security middleware
2018-06-13 17:28:31,267 INFO 19624 [egg:core] dump config after load, 9ms
2018-06-13 17:28:31,271 INFO 19624 [egg-mongoose] starting...
2018-06-13 17:28:31,304 INFO 19624 [egg-mongoose] mongodb://127.0.0.1:27017/201812blog connected successfully
2018-06-13 17:28:31,305 INFO 19624 [egg-mongoose] instance[0] start successfully
2018-06-13 17:28:31,309 INFO 19624 [egg-watcher:app] watcher start success
2018-06-13 17:28:31,315 INFO 19624 [egg:core] dump config after ready, 4ms
2018-06-13 17:28:39,618 INFO 19646 [egg:logger] init all loggers with options: {"dir":"/Users/user/zfblog/201812blog-api/logs/201812blog-api","encoding":"utf8","env":"local","level":"INFO","consoleLevel":"INFO","disableConsoleAfterReady":false,"outputJSON":false,"buffer":true,"appLogName":"201812blog-api-web.log","coreLogName":"egg-web.log","agentLogName":"egg-agent.log","errorLogName":"common-error.log","coreLogger":{"consoleLevel":"WARN"},"allowDebugAtProd":false,"type":"application"}
2018-06-13 17:28:39,662 INFO 19646 [egg-schedule]: register schedule /Users/user/zfblog/201812blog-api/node_modules/_egg-logrotator@3.0.3@egg-logrotator/app/schedule/clean_log.js
2018-06-13 17:28:39,662 INFO 19646 [egg-schedule]: register schedule /Users/user/zfblog/201812blog-api/node_modules/_egg-logrotator@3.0.3@egg-logrotator/app/schedule/rotate_by_file.js
2018-06-13 17:28:39,979 INFO 19646 [egg-mongoose] connecting mongodb://127.0.0.1:27017/201812blog
2018-06-13 17:28:40,070 INFO 19646 [egg-static] starting static serve /public/ -> /Users/user/zfblog/201812blog-api/app/public
2018-06-13 17:28:40,075 INFO 19646 [egg-security] use methodnoallow middleware
2018-06-13 17:28:40,077 INFO 19646 [egg-security] use noopen middleware
2018-06-13 17:28:40,077 INFO 19646 [egg-security] use nosniff middleware
2018-06-13 17:28:40,079 INFO 19646 [egg-security] use xssProtection middleware
2018-06-13 17:28:40,080 INFO 19646 [egg-security] use xframe middleware
2018-06-13 17:28:40,080 INFO 19646 [egg-security] use dta middleware
2018-06-13 17:28:40,081 INFO 19646 [egg-security] compose 6 middlewares into one security middleware
2018-06-13 17:28:40,105 INFO 19646 [egg:core] dump config after load, 11ms
2018-06-13 17:28:40,109 INFO 19646 [egg-mongoose] starting...
2018-06-13 17:28:40,157 INFO 19646 [egg-mongoose] mongodb://127.0.0.1:27017/201812blog connected successfully
2018-06-13 17:28:40,158 INFO 19646 [egg-mongoose] instance[0] start successfully
2018-06-13 17:28:40,163 INFO 19646 [egg-watcher:app] watcher start success
2018-06-13 17:28:40,173 INFO 19646 [egg:core] dump config after ready, 8ms
2018-06-13 17:29:19,151 INFO 19664 [egg:logger] init all loggers with options: {"dir":"/Users/user/zfblog/201812blog-api/logs/201812blog-api","encoding":"utf8","env":"local","level":"INFO","consoleLevel":"INFO","disableConsoleAfterReady":false,"outputJSON":false,"buffer":true,"appLogName":"201812blog-api-web.log","coreLogName":"egg-web.log","agentLogName":"egg-agent.log","errorLogName":"common-error.log","coreLogger":{"consoleLevel":"WARN"},"allowDebugAtProd":false,"type":"application"}
2018-06-13 17:29:19,213 INFO 19664 [egg-schedule]: register schedule /Users/user/zfblog/201812blog-api/node_modules/_egg-logrotator@3.0.3@egg-logrotator/app/schedule/clean_log.js
2018-06-13 17:29:19,213 INFO 19664 [egg-schedule]: register schedule /Users/user/zfblog/201812blog-api/node_modules/_egg-logrotator@3.0.3@egg-logrotator/app/schedule/rotate_by_file.js
2018-06-13 17:29:19,754 INFO 19664 [egg-mongoose] connecting mongodb://127.0.0.1:27017/201812blog
2018-06-13 17:29:19,873 INFO 19664 [egg-static] starting static serve /public/ -> /Users/user/zfblog/201812blog-api/app/public
2018-06-13 17:29:19,876 INFO 19664 [egg-security] use methodnoallow middleware
2018-06-13 17:29:19,877 INFO 19664 [egg-security] use noopen middleware
2018-06-13 17:29:19,877 INFO 19664 [egg-security] use nosniff middleware
2018-06-13 17:29:19,879 INFO 19664 [egg-security] use xssProtection middleware
2018-06-13 17:29:19,880 INFO 19664 [egg-security] use xframe middleware
2018-06-13 17:29:19,881 INFO 19664 [egg-security] use dta middleware
2018-06-13 17:29:19,881 INFO 19664 [egg-security] compose 6 middlewares into one security middleware
2018-06-13 17:29:19,906 INFO 19664 [egg:core] dump config after load, 10ms
2018-06-13 17:29:19,912 INFO 19664 [egg-mongoose] starting...
2018-06-13 17:29:19,985 INFO 19664 [egg-mongoose] mongodb://127.0.0.1:27017/201812blog connected successfully
2018-06-13 17:29:19,987 INFO 19664 [egg-mongoose] instance[0] start successfully
2018-06-13 17:29:19,993 INFO 19664 [egg-watcher:app] watcher start success
2018-06-13 17:29:20,001 INFO 19664 [egg:core] dump config after ready, 5ms
2018-06-13 17:57:36,033 INFO 20881 [egg:logger] init all loggers with options: {"dir":"/Users/user/zfblog/201812blog-api/logs/201812blog-api","encoding":"utf8","env":"local","level":"INFO","consoleLevel":"INFO","disableConsoleAfterReady":false,"outputJSON":false,"buffer":true,"appLogName":"201812blog-api-web.log","coreLogName":"egg-web.log","agentLogName":"egg-agent.log","errorLogName":"common-error.log","coreLogger":{"consoleLevel":"WARN"},"allowDebugAtProd":false,"type":"application"}
2018-06-13 17:57:36,101 INFO 20881 [egg-schedule]: register schedule /Users/user/zfblog/201812blog-api/node_modules/_egg-logrotator@3.0.3@egg-logrotator/app/schedule/clean_log.js
2018-06-13 17:57:36,102 INFO 20881 [egg-schedule]: register schedule /Users/user/zfblog/201812blog-api/node_modules/_egg-logrotator@3.0.3@egg-logrotator/app/schedule/rotate_by_file.js
2018-06-13 17:57:36,657 INFO 20881 [egg-mongoose] connecting mongodb://127.0.0.1:27017/blog
2018-06-13 17:57:36,768 INFO 20881 [egg-static] starting static serve /public/ -> /Users/user/zfblog/201812blog-api/app/public
2018-06-13 17:57:36,774 INFO 20881 [egg-security] use methodnoallow middleware
2018-06-13 17:57:36,778 INFO 20881 [egg-security] use noopen middleware
2018-06-13 17:57:36,779 INFO 20881 [egg-security] use nosniff middleware
2018-06-13 17:57:36,780 INFO 20881 [egg-security] use xssProtection middleware
2018-06-13 17:57:36,781 INFO 20881 [egg-security] use xframe middleware
2018-06-13 17:57:36,783 INFO 20881 [egg-security] use dta middleware
2018-06-13 17:57:36,783 INFO 20881 [egg-security] compose 6 middlewares into one security middleware
2018-06-13 17:57:36,811 INFO 20881 [egg:core] dump config after load, 12ms
2018-06-13 17:57:36,815 INFO 20881 [egg-mongoose] starting...
2018-06-13 17:57:36,885 INFO 20881 [egg-mongoose] mongodb://127.0.0.1:27017/blog connected successfully
2018-06-13 17:57:36,888 INFO 20881 [egg-mongoose] instance[0] start successfully
2018-06-13 17:57:36,894 INFO 20881 [egg-watcher:app] watcher start success
2018-06-13 17:57:36,932 INFO 20881 [egg:core] dump config after ready, 24ms
2018-06-13 17:57:43,725 INFO 20907 [egg:logger] init all loggers with options: {"dir":"/Users/user/zfblog/201812blog-api/logs/201812blog-api","encoding":"utf8","env":"local","level":"INFO","consoleLevel":"INFO","disableConsoleAfterReady":false,"outputJSON":false,"buffer":true,"appLogName":"201812blog-api-web.log","coreLogName":"egg-web.log","agentLogName":"egg-agent.log","errorLogName":"common-error.log","coreLogger":{"consoleLevel":"WARN"},"allowDebugAtProd":false,"type":"application"}
2018-06-13 17:57:43,788 INFO 20907 [egg-schedule]: register schedule /Users/user/zfblog/201812blog-api/node_modules/_egg-logrotator@3.0.3@egg-logrotator/app/schedule/clean_log.js
2018-06-13 17:57:43,788 INFO 20907 [egg-schedule]: register schedule /Users/user/zfblog/201812blog-api/node_modules/_egg-logrotator@3.0.3@egg-logrotator/app/schedule/rotate_by_file.js
2018-06-13 17:57:44,100 INFO 20907 [egg-mongoose] connecting mongodb://127.0.0.1:27017/blog
2018-06-13 17:57:44,165 INFO 20907 [egg-static] starting static serve /public/ -> /Users/user/zfblog/201812blog-api/app/public
2018-06-13 17:57:44,168 INFO 20907 [egg-security] use methodnoallow middleware
2018-06-13 17:57:44,169 INFO 20907 [egg-security] use noopen middleware
2018-06-13 17:57:44,170 INFO 20907 [egg-security] use nosniff middleware
2018-06-13 17:57:44,171 INFO 20907 [egg-security] use xssProtection middleware
2018-06-13 17:57:44,171 INFO 20907 [egg-security] use xframe middleware
2018-06-13 17:57:44,172 INFO 20907 [egg-security] use dta middleware
2018-06-13 17:57:44,172 INFO 20907 [egg-security] compose 6 middlewares into one security middleware
2018-06-13 17:57:44,194 INFO 20907 [egg:core] dump config after load, 9ms
2018-06-13 17:57:44,196 INFO 20907 [egg-mongoose] starting...
2018-06-13 17:57:44,229 INFO 20907 [egg-mongoose] mongodb://127.0.0.1:27017/blog connected successfully
2018-06-13 17:57:44,230 INFO 20907 [egg-mongoose] instance[0] start successfully
2018-06-13 17:57:44,234 INFO 20907 [egg-watcher:app] watcher start success
2018-06-13 17:57:44,244 INFO 20907 [egg:core] dump config after ready, 8ms
2018-06-13 17:57:47,680 INFO 20918 [egg:logger] init all loggers with options: {"dir":"/Users/user/zfblog/201812blog-api/logs/201812blog-api","encoding":"utf8","env":"local","level":"INFO","consoleLevel":"INFO","disableConsoleAfterReady":false,"outputJSON":false,"buffer":true,"appLogName":"201812blog-api-web.log","coreLogName":"egg-web.log","agentLogName":"egg-agent.log","errorLogName":"common-error.log","coreLogger":{"consoleLevel":"WARN"},"allowDebugAtProd":false,"type":"application"}
2018-06-13 17:57:47,733 INFO 20918 [egg-schedule]: register schedule /Users/user/zfblog/201812blog-api/node_modules/_egg-logrotator@3.0.3@egg-logrotator/app/schedule/clean_log.js
2018-06-13 17:57:47,733 INFO 20918 [egg-schedule]: register schedule /Users/user/zfblog/201812blog-api/node_modules/_egg-logrotator@3.0.3@egg-logrotator/app/schedule/rotate_by_file.js
2018-06-13 17:57:48,059 INFO 20918 [egg-mongoose] connecting mongodb://127.0.0.1:27017/blog
2018-06-13 17:57:48,127 INFO 20918 [egg-static] starting static serve /public/ -> /Users/user/zfblog/201812blog-api/app/public
2018-06-13 17:57:48,131 INFO 20918 [egg-security] use methodnoallow middleware
2018-06-13 17:57:48,132 INFO 20918 [egg-security] use noopen middleware
2018-06-13 17:57:48,132 INFO 20918 [egg-security] use nosniff middleware
2018-06-13 17:57:48,132 INFO 20918 [egg-security] use xssProtection middleware
2018-06-13 17:57:48,133 INFO 20918 [egg-security] use xframe middleware
2018-06-13 17:57:48,133 INFO 20918 [egg-security] use dta middleware
2018-06-13 17:57:48,133 INFO 20918 [egg-security] compose 6 middlewares into one security middleware
2018-06-13 17:57:48,154 INFO 20918 [egg:core] dump config after load, 8ms
2018-06-13 17:57:48,159 INFO 20918 [egg-mongoose] starting...
2018-06-13 17:57:48,221 INFO 20918 [egg-mongoose] mongodb://127.0.0.1:27017/blog connected successfully
2018-06-13 17:57:48,224 INFO 20918 [egg-mongoose] instance[0] start successfully
2018-06-13 17:57:48,233 INFO 20918 [egg-watcher:app] watcher start success
2018-06-13 17:57:48,244 INFO 20918 [egg:core] dump config after ready, 6ms
2018-06-13 17:59:50,936 INFO 21058 [egg:logger] init all loggers with options: {"dir":"/Users/user/zfblog/201812blog-api/logs/201812blog-api","encoding":"utf8","env":"local","level":"INFO","consoleLevel":"INFO","disableConsoleAfterReady":false,"outputJSON":false,"buffer":true,"appLogName":"201812blog-api-web.log","coreLogName":"egg-web.log","agentLogName":"egg-agent.log","errorLogName":"common-error.log","coreLogger":{"consoleLevel":"WARN"},"allowDebugAtProd":false,"type":"application"}
2018-06-13 17:59:51,148 INFO 21058 [egg-schedule]: register schedule /Users/user/zfblog/201812blog-api/node_modules/_egg-logrotator@3.0.3@egg-logrotator/app/schedule/clean_log.js
2018-06-13 17:59:51,148 INFO 21058 [egg-schedule]: register schedule /Users/user/zfblog/201812blog-api/node_modules/_egg-logrotator@3.0.3@egg-logrotator/app/schedule/rotate_by_file.js
2018-06-13 17:59:52,278 INFO 21058 [egg-mongoose] connecting mongodb://127.0.0.1:27017/blog
2018-06-13 17:59:52,429 INFO 21058 [egg-static] starting static serve /public/ -> /Users/user/zfblog/201812blog-api/app/public
2018-06-13 17:59:52,434 INFO 21058 [egg-security] use methodnoallow middleware
2018-06-13 17:59:52,436 INFO 21058 [egg-security] use noopen middleware
2018-06-13 17:59:52,437 INFO 21058 [egg-security] use nosniff middleware
2018-06-13 17:59:52,438 INFO 21058 [egg-security] use xssProtection middleware
2018-06-13 17:59:52,439 INFO 21058 [egg-security] use xframe middleware
2018-06-13 17:59:52,442 INFO 21058 [egg-security] use dta middleware
2018-06-13 17:59:52,442 INFO 21058 [egg-security] compose 6 middlewares into one security middleware
2018-06-13 17:59:52,486 INFO 21058 [egg:core] dump config after load, 15ms
2018-06-13 17:59:52,492 INFO 21058 [egg-mongoose] starting...
2018-06-13 17:59:52,556 INFO 21058 [egg-mongoose] mongodb://127.0.0.1:27017/blog connected successfully
2018-06-13 17:59:52,559 INFO 21058 [egg-mongoose] instance[0] start successfully
2018-06-13 17:59:52,566 INFO 21058 [egg-watcher:app] watcher start success
2018-06-13 17:59:52,579 INFO 21058 [egg:core] dump config after ready, 9ms
